<!DOCTYPE html PUBLIC "-//W3C//DTD XHTML 1.1//EN" "https://www.w3.org/TR/xhtml11/DTD/xhtml11.dtd">
<html xmlns="https://www.w3.org/1999/xhtml">
<head>
<meta http-equiv="content-type" content="text/html; charset=UTF-8"/>
<title>TestNG Report</title>
<style type="text/css">table {margin-bottom:10px;border-collapse:collapse;empty-cells:show}th,td {border:1px solid #009;padding:.25em .5em}th {vertical-align:bottom}td {vertical-align:top}table a {font-weight:bold}.stripe td {background-color: #E6EBF9}.num {text-align:right}.passedodd td {background-color: #3F3}.passedeven td {background-color: #0A0}.skippedodd td {background-color: #DDD}.skippedeven td {background-color: #CCC}.failedodd td,.attn {background-color: #F33}.failedeven td,.stripe .attn {background-color: #D00}.stacktrace {white-space:pre;font-family:monospace}.totop {font-size:85%;text-align:center;border-bottom:2px solid #000}.invisible {display:none}</style>
</head>
<body>
<table>
<tr><th>Test</th><th># Passed</th><th># Skipped</th><th># Retried</th><th># Failed</th><th>Time (ms)</th><th>Included Groups</th><th>Excluded Groups</th></tr>
<tr><th colspan="8">Surefire suite</th></tr>
<tr><td><a href="#t0">Surefire test</a></td><td class="num">0</td><td class="num attn">20</td><td class="num">0</td><td class="num attn">3</td><td class="num">4,085</td><td></td><td></td></tr>
</table>
<table id='summary'><thead><tr><th>Class</th><th>Method</th><th>Start</th><th>Time (ms)</th></tr></thead><tbody><tr><th colspan="4">Surefire suite</th></tr></tbody><tbody id="t0"><tr><th colspan="4">Surefire test &#8212; failed (configuration methods)</th></tr><tr class="failedeven"><td rowspan="1">example06.EnableDisable.EnableDisableTestCase</td><td><a href="#m0">openBrowser</a></td><td rowspan="1">1716920810061</td><td rowspan="1">-1716920810061</td></tr><tr><th colspan="4">Surefire test &#8212; failed</th></tr><tr class="failedeven"><td rowspan="2">example06.EnableDisable.EnableDisableTestCase</td><td><a href="#m1">loginUser</a></td><td rowspan="1">1716920810219</td><td rowspan="1">0</td></tr><tr class="failedeven"><td><a href="#m2">openUrl</a></td><td rowspan="1">1716920810219</td><td rowspan="1">0</td></tr><tr class="failedodd"><td rowspan="1">example06.EnableDisable.IgnoreTestCase</td><td><a href="#m3">openUrl</a></td><td rowspan="1">1716920810234</td><td rowspan="1">0</td></tr><tr><th colspan="4">Surefire test &#8212; skipped (configuration methods)</th></tr><tr class="skippedeven"><td rowspan="1">example03.Assertions.TestngUsingHardAssert</td><td><a href="#m4">AfterTestCaseRunning</a></td><td rowspan="1">1716920810312</td><td rowspan="1">0</td></tr><tr class="skippedodd"><td rowspan="1">example03.Assertions.TestngUsingSoftAssert</td><td><a href="#m5">AfterTestCaseRunning</a></td><td rowspan="1">1716920810312</td><td rowspan="1">0</td></tr><tr class="skippedeven"><td rowspan="6">example04.ExecutionFlow.TestngExecutionFlow</td><td><a href="#m6">afterClass</a></td><td rowspan="1">1716920810219</td><td rowspan="1">0</td></tr><tr class="skippedeven"><td><a href="#m7">afterMethod</a></td><td rowspan="1">1716920810219</td><td rowspan="1">0</td></tr><tr class="skippedeven"><td><a href="#m8">afterSuite</a></td><td rowspan="1">1716920810438</td><td rowspan="1">0</td></tr><tr class="skippedeven"><td><a href="#m9">afterTest</a></td><td rowspan="1">1716920810312</td><td rowspan="1">0</td></tr><tr class="skippedeven"><td><a href="#m10">beforeClass</a></td><td rowspan="1">1716920810203</td><td rowspan="1">0</td></tr><tr class="skippedeven"><td><a href="#m11">beforeMethod</a></td><td rowspan="1">1716920810219</td><td rowspan="1">0</td></tr><tr class="skippedodd"><td rowspan="1">example06.EnableDisable.EnableDisableTestCase</td><td><a href="#m12">closeBrowser</a></td><td rowspan="1">1716920810312</td><td rowspan="1">0</td></tr><tr class="skippedeven"><td rowspan="2">example06.EnableDisable.IgnoreTestCase</td><td><a href="#m13">closeBrowser</a></td><td rowspan="1">1716920810312</td><td rowspan="1">0</td></tr><tr class="skippedeven"><td><a href="#m14">openBrowser</a></td><td rowspan="1">1716920810134</td><td rowspan="1">0</td></tr><tr class="skippedodd"><td rowspan="8">example16.ExtentReports.TestCaseER</td><td><a href="#m15">lunchBrowser</a></td><td rowspan="1">1716920810297</td><td rowspan="1">0</td></tr><tr class="skippedodd"><td><a href="#m16">tearDown</a></td><td rowspan="7">1716920810312</td><td rowspan="7">0</td></tr><tr class="skippedodd"><td><a href="#m17">tearDown</a></td></tr><tr class="skippedodd"><td><a href="#m18">tearDown</a></td></tr><tr class="skippedodd"><td><a href="#m19">tearDown</a></td></tr><tr class="skippedodd"><td><a href="#m20">tearDown</a></td></tr><tr class="skippedodd"><td><a href="#m21">tearDown</a></td></tr><tr class="skippedodd"><td><a href="#m22">tearDown</a></td></tr><tr><th colspan="4">Surefire test &#8212; skipped</th></tr><tr class="skippedeven"><td rowspan="1">example03.Assertions.TestngUsingHardAssert</td><td><a href="#m23">validationUsingHardAssert</a></td><td rowspan="1">1716920810203</td><td rowspan="1">0</td></tr><tr class="skippedodd"><td rowspan="1">example03.Assertions.TestngUsingSoftAssert</td><td><a href="#m24">validationUsingSoftAssert</a></td><td rowspan="1">1716920810203</td><td rowspan="1">0</td></tr><tr class="skippedeven"><td rowspan="1">example04.ExecutionFlow.TestngExecutionFlow</td><td><a href="#m25">testing</a></td><td rowspan="1">1716920810219</td><td rowspan="1">0</td></tr><tr class="skippedodd"><td rowspan="1">example06.EnableDisable.EnableDisableTestCase</td><td><a href="#m26">veriftyPageTitle</a></td><td rowspan="1">1716920810234</td><td rowspan="1">0</td></tr><tr class="skippedeven"><td rowspan="1">example06.EnableDisable.IgnoreTestCase</td><td><a href="#m27">veriftyPageTitle</a></td><td rowspan="1">1716920810234</td><td rowspan="1">0</td></tr><tr class="skippedodd"><td rowspan="3">example07.GroupTestCase.BingTestCase</td><td><a href="#m28">A</a></td><td rowspan="1">1716920810250</td><td rowspan="1">0</td></tr><tr class="skippedodd"><td><a href="#m29">B</a></td><td rowspan="1">1716920810266</td><td rowspan="1">0</td></tr><tr class="skippedodd"><td><a href="#m30">C</a></td><td rowspan="1">1716920810266</td><td rowspan="1">0</td></tr><tr class="skippedeven"><td rowspan="3">example07.GroupTestCase.GoogleTestCase</td><td><a href="#m31">A</a></td><td rowspan="1">1716920810281</td><td rowspan="1">0</td></tr><tr class="skippedeven"><td><a href="#m32">B</a></td><td rowspan="1">1716920810281</td><td rowspan="1">0</td></tr><tr class="skippedeven"><td><a href="#m33">C</a></td><td rowspan="1">1716920810281</td><td rowspan="1">0</td></tr><tr class="skippedodd"><td rowspan="3">example07.GroupTestCase.YandexTestCase</td><td><a href="#m34">A</a></td><td rowspan="1">1716920810281</td><td rowspan="1">0</td></tr><tr class="skippedodd"><td><a href="#m35">B</a></td><td rowspan="1">1716920810297</td><td rowspan="1">0</td></tr><tr class="skippedodd"><td><a href="#m36">C</a></td><td rowspan="1">1716920810297</td><td rowspan="1">0</td></tr><tr class="skippedeven"><td rowspan="6">example16.ExtentReports.TestCaseER</td><td><a href="#m37">invalidUserLogin</a></td><td rowspan="1">1716920810312</td><td rowspan="1">0</td></tr><tr class="skippedeven"><td><a href="#m38">loginPage</a></td><td rowspan="1">1716920810297</td><td rowspan="1">0</td></tr><tr class="skippedeven"><td><a href="#m39">verifyCurrentUrl</a></td><td rowspan="1">1716920810312</td><td rowspan="1">0</td></tr><tr class="skippedeven"><td><a href="#m40">verifyLogoutFunctionality</a></td><td rowspan="1">1716920810312</td><td rowspan="1">0</td></tr><tr class="skippedeven"><td><a href="#m41">verifyPageTitle</a></td><td rowspan="1">1716920810297</td><td rowspan="1">0</td></tr><tr class="skippedeven"><td><a href="#m42">verifySuccessfullyLogin</a></td><td rowspan="1">1716920810297</td><td rowspan="1">0</td></tr></tbody>
</table>
<h2>Surefire test</h2><h3 id="m0">example06.EnableDisable.EnableDisableTestCase#openBrowser</h3><table class="result"><tr><th>Exception</th></tr><tr><td><div class="stacktrace">org.testng.TestNGException: 
Parameter &apos;browserName&apos; is required by BeforeTest on method openBrowser but has not been marked @Optional or defined

... Removed 26 stack frames</div></td></tr></table><p class="totop"><a href="#summary">back to summary</a></p>
<h3 id="m1">example06.EnableDisable.EnableDisableTestCase#loginUser</h3><table class="result"><tr><th>Exception</th></tr><tr><td><div class="stacktrace">org.testng.TestNGException: 
Parameter &apos;username&apos; is required by @Test on method loginUser but has not been marked @Optional or defined

	at java.base/java.util.ArrayList.forEach(ArrayList.java:1511)
... Removed 31 stack frames</div></td></tr></table><p class="totop"><a href="#summary">back to summary</a></p>
<h3 id="m2">example06.EnableDisable.EnableDisableTestCase#openUrl</h3><table class="result"><tr><th>Exception</th></tr><tr><td><div class="stacktrace">org.testng.TestNGException: 
Parameter &apos;baseUrl&apos; is required by @Test on method openUrl but has not been marked @Optional or defined

	at java.base/java.util.ArrayList.forEach(ArrayList.java:1511)
... Removed 31 stack frames</div></td></tr></table><p class="totop"><a href="#summary">back to summary</a></p>
<h3 id="m3">example06.EnableDisable.IgnoreTestCase#openUrl</h3><table class="result"><tr><th>Exception</th></tr><tr><td><div class="stacktrace">org.testng.TestNGException: 
Parameter &apos;baseUrl&apos; is required by @Test on method openUrl but has not been marked @Optional or defined

	at java.base/java.util.ArrayList.forEach(ArrayList.java:1511)
... Removed 31 stack frames</div></td></tr></table><p class="totop"><a href="#summary">back to summary</a></p>
<h3 id="m4">example03.Assertions.TestngUsingHardAssert#AfterTestCaseRunning</h3><table class="result"><tr><th class="invisible"/></tr></table><p class="totop"><a href="#summary">back to summary</a></p>
<h3 id="m5">example03.Assertions.TestngUsingSoftAssert#AfterTestCaseRunning</h3><table class="result"><tr><th class="invisible"/></tr></table><p class="totop"><a href="#summary">back to summary</a></p>
<h3 id="m6">example04.ExecutionFlow.TestngExecutionFlow#afterClass</h3><table class="result"><tr><th class="invisible"/></tr></table><p class="totop"><a href="#summary">back to summary</a></p>
<h3 id="m7">example04.ExecutionFlow.TestngExecutionFlow#afterMethod</h3><table class="result"><tr><th class="invisible"/></tr></table><p class="totop"><a href="#summary">back to summary</a></p>
<h3 id="m8">example04.ExecutionFlow.TestngExecutionFlow#afterSuite</h3><table class="result"><tr><th class="invisible"/></tr></table><p class="totop"><a href="#summary">back to summary</a></p>
<h3 id="m9">example04.ExecutionFlow.TestngExecutionFlow#afterTest</h3><table class="result"><tr><th class="invisible"/></tr></table><p class="totop"><a href="#summary">back to summary</a></p>
<h3 id="m10">example04.ExecutionFlow.TestngExecutionFlow#beforeClass</h3><table class="result"><tr><th class="invisible"/></tr></table><p class="totop"><a href="#summary">back to summary</a></p>
<h3 id="m11">example04.ExecutionFlow.TestngExecutionFlow#beforeMethod</h3><table class="result"><tr><th class="invisible"/></tr></table><p class="totop"><a href="#summary">back to summary</a></p>
<h3 id="m12">example06.EnableDisable.EnableDisableTestCase#closeBrowser</h3><table class="result"><tr><th class="invisible"/></tr></table><p class="totop"><a href="#summary">back to summary</a></p>
<h3 id="m13">example06.EnableDisable.IgnoreTestCase#closeBrowser</h3><table class="result"><tr><th class="invisible"/></tr></table><p class="totop"><a href="#summary">back to summary</a></p>
<h3 id="m14">example06.EnableDisable.IgnoreTestCase#openBrowser</h3><table class="result"><tr><th class="invisible"/></tr></table><p class="totop"><a href="#summary">back to summary</a></p>
<h3 id="m15">example16.ExtentReports.TestCaseER#lunchBrowser</h3><table class="result"><tr><th class="invisible"/></tr></table><p class="totop"><a href="#summary">back to summary</a></p>
<h3 id="m16">example16.ExtentReports.TestCaseER#tearDown</h3><table class="result"><tr><th class="invisible"/></tr></table><p class="totop"><a href="#summary">back to summary</a></p>
<h3 id="m17">example16.ExtentReports.TestCaseER#tearDown</h3><table class="result"><tr><th class="invisible"/></tr></table><p class="totop"><a href="#summary">back to summary</a></p>
<h3 id="m18">example16.ExtentReports.TestCaseER#tearDown</h3><table class="result"><tr><th class="invisible"/></tr></table><p class="totop"><a href="#summary">back to summary</a></p>
<h3 id="m19">example16.ExtentReports.TestCaseER#tearDown</h3><table class="result"><tr><th class="invisible"/></tr></table><p class="totop"><a href="#summary">back to summary</a></p>
<h3 id="m20">example16.ExtentReports.TestCaseER#tearDown</h3><table class="result"><tr><th class="invisible"/></tr></table><p class="totop"><a href="#summary">back to summary</a></p>
<h3 id="m21">example16.ExtentReports.TestCaseER#tearDown</h3><table class="result"><tr><th class="invisible"/></tr></table><p class="totop"><a href="#summary">back to summary</a></p>
<h3 id="m22">example16.ExtentReports.TestCaseER#tearDown</h3><table class="result"><tr><th class="invisible"/></tr></table><p class="totop"><a href="#summary">back to summary</a></p>
<h3 id="m23">example03.Assertions.TestngUsingHardAssert#validationUsingHardAssert</h3><table class="result"><tr><th>Exception</th></tr><tr><td><div class="stacktrace">org.testng.TestNGException: 
Parameter &apos;browserName&apos; is required by BeforeTest on method openBrowser but has not been marked @Optional or defined

... Removed 26 stack frames</div></td></tr></table><p class="totop"><a href="#summary">back to summary</a></p>
<h3 id="m24">example03.Assertions.TestngUsingSoftAssert#validationUsingSoftAssert</h3><table class="result"><tr><th>Exception</th></tr><tr><td><div class="stacktrace">org.testng.TestNGException: 
Parameter &apos;browserName&apos; is required by BeforeTest on method openBrowser but has not been marked @Optional or defined

... Removed 26 stack frames</div></td></tr></table><p class="totop"><a href="#summary">back to summary</a></p>
<h3 id="m25">example04.ExecutionFlow.TestngExecutionFlow#testing</h3><table class="result"><tr><th>Exception</th></tr><tr><td><div class="stacktrace">org.testng.TestNGException: 
Parameter &apos;browserName&apos; is required by BeforeTest on method openBrowser but has not been marked @Optional or defined

... Removed 26 stack frames</div></td></tr></table><p class="totop"><a href="#summary">back to summary</a></p>
<h3 id="m26">example06.EnableDisable.EnableDisableTestCase#veriftyPageTitle</h3><table class="result"><tr><th>Exception</th></tr><tr><td><div class="stacktrace">org.testng.TestNGException: 
Parameter &apos;browserName&apos; is required by BeforeTest on method openBrowser but has not been marked @Optional or defined

... Removed 26 stack frames</div></td></tr></table><p class="totop"><a href="#summary">back to summary</a></p>
<h3 id="m27">example06.EnableDisable.IgnoreTestCase#veriftyPageTitle</h3><table class="result"><tr><th>Exception</th></tr><tr><td><div class="stacktrace">org.testng.TestNGException: 
Parameter &apos;browserName&apos; is required by BeforeTest on method openBrowser but has not been marked @Optional or defined

... Removed 26 stack frames</div></td></tr></table><p class="totop"><a href="#summary">back to summary</a></p>
<h3 id="m28">example07.GroupTestCase.BingTestCase#A</h3><table class="result"><tr><th>Exception</th></tr><tr><td><div class="stacktrace">org.testng.TestNGException: 
Parameter &apos;browserName&apos; is required by BeforeTest on method openBrowser but has not been marked @Optional or defined

... Removed 26 stack frames</div></td></tr></table><p class="totop"><a href="#summary">back to summary</a></p>
<h3 id="m29">example07.GroupTestCase.BingTestCase#B</h3><table class="result"><tr><th>Exception</th></tr><tr><td><div class="stacktrace">org.testng.TestNGException: 
Parameter &apos;browserName&apos; is required by BeforeTest on method openBrowser but has not been marked @Optional or defined

... Removed 26 stack frames</div></td></tr></table><p class="totop"><a href="#summary">back to summary</a></p>
<h3 id="m30">example07.GroupTestCase.BingTestCase#C</h3><table class="result"><tr><th>Exception</th></tr><tr><td><div class="stacktrace">org.testng.TestNGException: 
Parameter &apos;browserName&apos; is required by BeforeTest on method openBrowser but has not been marked @Optional or defined

... Removed 26 stack frames</div></td></tr></table><p class="totop"><a href="#summary">back to summary</a></p>
<h3 id="m31">example07.GroupTestCase.GoogleTestCase#A</h3><table class="result"><tr><th>Exception</th></tr><tr><td><div class="stacktrace">org.testng.TestNGException: 
Parameter &apos;browserName&apos; is required by BeforeTest on method openBrowser but has not been marked @Optional or defined

... Removed 26 stack frames</div></td></tr></table><p class="totop"><a href="#summary">back to summary</a></p>
<h3 id="m32">example07.GroupTestCase.GoogleTestCase#B</h3><table class="result"><tr><th>Exception</th></tr><tr><td><div class="stacktrace">org.testng.TestNGException: 
Parameter &apos;browserName&apos; is required by BeforeTest on method openBrowser but has not been marked @Optional or defined

... Removed 26 stack frames</div></td></tr></table><p class="totop"><a href="#summary">back to summary</a></p>
<h3 id="m33">example07.GroupTestCase.GoogleTestCase#C</h3><table class="result"><tr><th>Exception</th></tr><tr><td><div class="stacktrace">org.testng.TestNGException: 
Parameter &apos;browserName&apos; is required by BeforeTest on method openBrowser but has not been marked @Optional or defined

... Removed 26 stack frames</div></td></tr></table><p class="totop"><a href="#summary">back to summary</a></p>
<h3 id="m34">example07.GroupTestCase.YandexTestCase#A</h3><table class="result"><tr><th>Exception</th></tr><tr><td><div class="stacktrace">org.testng.TestNGException: 
Parameter &apos;browserName&apos; is required by BeforeTest on method openBrowser but has not been marked @Optional or defined

... Removed 26 stack frames</div></td></tr></table><p class="totop"><a href="#summary">back to summary</a></p>
<h3 id="m35">example07.GroupTestCase.YandexTestCase#B</h3><table class="result"><tr><th>Exception</th></tr><tr><td><div class="stacktrace">org.testng.TestNGException: 
Parameter &apos;browserName&apos; is required by BeforeTest on method openBrowser but has not been marked @Optional or defined

... Removed 26 stack frames</div></td></tr></table><p class="totop"><a href="#summary">back to summary</a></p>
<h3 id="m36">example07.GroupTestCase.YandexTestCase#C</h3><table class="result"><tr><th>Exception</th></tr><tr><td><div class="stacktrace">org.testng.TestNGException: 
Parameter &apos;browserName&apos; is required by BeforeTest on method openBrowser but has not been marked @Optional or defined

... Removed 26 stack frames</div></td></tr></table><p class="totop"><a href="#summary">back to summary</a></p>
<h3 id="m37">example16.ExtentReports.TestCaseER#invalidUserLogin</h3><table class="result"><tr><th>Exception</th></tr><tr><td><div class="stacktrace">org.testng.TestNGException: 
Parameter &apos;browserName&apos; is required by BeforeTest on method openBrowser but has not been marked @Optional or defined

... Removed 26 stack frames</div></td></tr></table><p class="totop"><a href="#summary">back to summary</a></p>
<h3 id="m38">example16.ExtentReports.TestCaseER#loginPage</h3><table class="result"><tr><th>Exception</th></tr><tr><td><div class="stacktrace">org.testng.TestNGException: 
Parameter &apos;browserName&apos; is required by BeforeTest on method openBrowser but has not been marked @Optional or defined

... Removed 26 stack frames</div></td></tr></table><p class="totop"><a href="#summary">back to summary</a></p>
<h3 id="m39">example16.ExtentReports.TestCaseER#verifyCurrentUrl</h3><table class="result"><tr><th>Exception</th></tr><tr><td><div class="stacktrace">org.testng.TestNGException: 
Parameter &apos;browserName&apos; is required by BeforeTest on method openBrowser but has not been marked @Optional or defined

... Removed 26 stack frames</div></td></tr></table><p class="totop"><a href="#summary">back to summary</a></p>
<h3 id="m40">example16.ExtentReports.TestCaseER#verifyLogoutFunctionality</h3><table class="result"><tr><th>Exception</th></tr><tr><td><div class="stacktrace">org.testng.TestNGException: 
Parameter &apos;browserName&apos; is required by BeforeTest on method openBrowser but has not been marked @Optional or defined

... Removed 26 stack frames</div></td></tr></table><p class="totop"><a href="#summary">back to summary</a></p>
<h3 id="m41">example16.ExtentReports.TestCaseER#verifyPageTitle</h3><table class="result"><tr><th>Exception</th></tr><tr><td><div class="stacktrace">org.testng.TestNGException: 
Parameter &apos;browserName&apos; is required by BeforeTest on method openBrowser but has not been marked @Optional or defined

... Removed 26 stack frames</div></td></tr></table><p class="totop"><a href="#summary">back to summary</a></p>
<h3 id="m42">example16.ExtentReports.TestCaseER#verifySuccessfullyLogin</h3><table class="result"><tr><th>Exception</th></tr><tr><td><div class="stacktrace">org.testng.TestNGException: 
Parameter &apos;browserName&apos; is required by BeforeTest on method openBrowser but has not been marked @Optional or defined

... Removed 26 stack frames</div></td></tr></table><p class="totop"><a href="#summary">back to summary</a></p>
</body>
</html>
