<?xml version="1.0" encoding="UTF-8"?>
<!-- Generated by org.testng.reporters.JUnitXMLReporter -->
<testsuite ignored="0" hostname="IDEAPAD-PRO" failures="1" tests="1" name="Soft Assert TestCase" time="3.245" errors="0" timestamp="2025-02-11T16:32:48 IST">
  <testcase classname="example03.Assertions.TestngUsingSoftAssert" name="validationUsingSoftAssert" time="2.142">
    <failure type="java.lang.AssertionError" message="The following asserts failed:
	Page logo is not displaying. expected [false] but found [true]">
      <![CDATA[java.lang.AssertionError: The following asserts failed:
Page logo is not displaying. expected [false] but found [true]
at example03.Assertions.TestngUsingSoftAssert.validationUsingSoftAssert(TestngUsingSoftAssert.java:42)
at java.base/java.util.ArrayList.forEach(ArrayList.java:1596)
... Removed 27 stack frames]]>
    </failure>
  </testcase> <!-- validationUsingSoftAssert -->
</testsuite> <!-- Soft Assert TestCase -->
